# JRE version: Java(TM) SE Runtime Environment (17.0.12+8) (build 17.0.12+8-LTS-286)
# Java VM: Java HotSpot(TM) 64-Bit Server VM (17.0.12+8-LTS-286, mixed mode, sharing, tiered, compressed oops, compressed class ptrs, g1 gc, windows-amd64)
GC Precious Log:
 CPUs: 8 total, 8 available
 Memory: 3446M
 Large Page Support: Disabled
 NUMA Support: Disabled
 Compressed Oops: Enabled (32-bit)
 Heap Region Size: 1M
 Heap Min Capacity: 8M
 Heap Initial Capacity: 54M
 Heap Max Capacity: 862M
 Pre-touch: Disabled
 Parallel Workers: 8
 Concurrent Workers: 2
 Concurrent Refinement Workers: 8
 Periodic GC: Disabled
Heap:
 garbage-first heap   total 55296K, used 28908K [0x00000000ca200000, 0x0000000100000000)
  region size 1024K, 23 young (23552K), 4 survivors (4096K)
 Metaspace       used 15436K, committed 15616K, reserved 1114112K
  class space    used 1833K, committed 1920K, reserved 1048576K
GC Heap History (8 events):
Event: 1.606 GC heap before
{Heap before GC invocations=0 (full 0):
 garbage-first heap   total 55296K, used 22528K [0x00000000ca200000, 0x0000000100000000)
  region size 1024K, 23 young (23552K), 0 survivors (0K)
 Metaspace       used 5526K, committed 5696K, reserved 1114112K
  class space    used 661K, committed 768K, reserved 1048576K
}
Event: 1.619 GC heap after
{Heap after GC invocations=1 (full 0):
 garbage-first heap   total 55296K, used 3759K [0x00000000ca200000, 0x0000000100000000)
  region size 1024K, 3 young (3072K), 3 survivors (3072K)
 Metaspace       used 5526K, committed 5696K, reserved 1114112K
  class space    used 661K, committed 768K, reserved 1048576K
}
Event: 2.685 GC heap before
{Heap before GC invocations=1 (full 0):
 garbage-first heap   total 55296K, used 26287K [0x00000000ca200000, 0x0000000100000000)
  region size 1024K, 26 young (26624K), 3 survivors (3072K)
 Metaspace       used 8846K, committed 9024K, reserved 1114112K
  class space    used 1065K, committed 1152K, reserved 1048576K
}
Event: 2.694 GC heap after
{Heap after GC invocations=2 (full 0):
 garbage-first heap   total 55296K, used 5000K [0x00000000ca200000, 0x0000000100000000)
  region size 1024K, 2 young (2048K), 2 survivors (2048K)
 Metaspace       used 8846K, committed 9024K, reserved 1114112K
  class space    used 1065K, committed 1152K, reserved 1048576K
}
Event: 4.298 GC heap before
{Heap before GC invocations=2 (full 0):
 garbage-first heap   total 55296K, used 29576K [0x00000000ca200000, 0x0000000100000000)
  region size 1024K, 27 young (27648K), 2 survivors (2048K)
 Metaspace       used 14041K, committed 14208K, reserved 1114112K
  class space    used 1719K, committed 1792K, reserved 1048576K
}
Event: 4.309 GC heap after
{Heap after GC invocations=3 (full 0):
 garbage-first heap   total 55296K, used 7685K [0x00000000ca200000, 0x0000000100000000)
  region size 1024K, 4 young (4096K), 4 survivors (4096K)
 Metaspace       used 14041K, committed 14208K, reserved 1114112K
  class space    used 1719K, committed 1792K, reserved 1048576K
}
Event: 5.619 GC heap before
{Heap before GC invocations=3 (full 0):
 garbage-first heap   total 55296K, used 35333K [0x00000000ca200000, 0x0000000100000000)
  region size 1024K, 31 young (31744K), 4 survivors (4096K)
 Metaspace       used 15105K, committed 15232K, reserved 1114112K
  class space    used 1814K, committed 1856K, reserved 1048576K
}
Event: 5.638 GC heap after
{Heap after GC invocations=4 (full 0):
 garbage-first heap   total 55296K, used 11500K [0x00000000ca200000, 0x0000000100000000)
  region size 1024K, 4 young (4096K), 4 survivors (4096K)
 Metaspace       used 15105K, committed 15232K, reserved 1114112K
  class space    used 1814K, committed 1856K, reserved 1048576K
}

