# JRE version: Java(TM) SE Runtime Environment (17.0.12+8) (build 17.0.12+8-LTS-286)
# Java VM: Java HotSpot(TM) 64-Bit Server VM (17.0.12+8-LTS-286, mixed mode, sharing, tiered, compressed oops, compressed class ptrs, g1 gc, windows-amd64)
GC Precious Log:
 CPUs: 8 total, 8 available
 Memory: 3446M
 Large Page Support: Disabled
 NUMA Support: Disabled
 Compressed Oops: Enabled (32-bit)
 Heap Region Size: 1M
 Heap Min Capacity: 8M
 Heap Initial Capacity: 54M
 Heap Max Capacity: 862M
 Pre-touch: Disabled
 Parallel Workers: 8
 Concurrent Workers: 2
 Concurrent Refinement Workers: 8
 Periodic GC: Disabled
Heap:
 garbage-first heap   total 55296K, used 24466K [0x00000000ca200000, 0x0000000100000000)
  region size 1024K, 2 young (2048K), 2 survivors (2048K)
 Metaspace       used 28239K, committed 28480K, reserved 1114112K
  class space    used 3427K, committed 3520K, reserved 1048576K
GC Heap History (20 events):
Event: 3.221 GC heap after
{Heap after GC invocations=3 (full 0):
 garbage-first heap   total 55296K, used 7816K [0x00000000ca200000, 0x0000000100000000)
  region size 1024K, 4 young (4096K), 4 survivors (4096K)
 Metaspace       used 14025K, committed 14144K, reserved 1114112K
  class space    used 1719K, committed 1792K, reserved 1048576K
}
Event: 5.060 GC heap before
{Heap before GC invocations=3 (full 0):
 garbage-first heap   total 55296K, used 35464K [0x00000000ca200000, 0x0000000100000000)
  region size 1024K, 31 young (31744K), 4 survivors (4096K)
 Metaspace       used 15096K, committed 15232K, reserved 1114112K
  class space    used 1813K, committed 1856K, reserved 1048576K
}
Event: 5.077 GC heap after
{Heap after GC invocations=4 (full 0):
 garbage-first heap   total 55296K, used 11321K [0x00000000ca200000, 0x0000000100000000)
  region size 1024K, 4 young (4096K), 4 survivors (4096K)
 Metaspace       used 15096K, committed 15232K, reserved 1114112K
  class space    used 1813K, committed 1856K, reserved 1048576K
}
Event: 5.882 GC heap before
{Heap before GC invocations=4 (full 0):
 garbage-first heap   total 55296K, used 35897K [0x00000000ca200000, 0x0000000100000000)
  region size 1024K, 29 young (29696K), 4 survivors (4096K)
 Metaspace       used 15468K, committed 15680K, reserved 1114112K
  class space    used 1835K, committed 1920K, reserved 1048576K
}
Event: 5.894 GC heap after
{Heap after GC invocations=5 (full 0):
 garbage-first heap   total 55296K, used 14017K [0x00000000ca200000, 0x0000000100000000)
  region size 1024K, 3 young (3072K), 3 survivors (3072K)
 Metaspace       used 15468K, committed 15680K, reserved 1114112K
  class space    used 1835K, committed 1920K, reserved 1048576K
}
Event: 7.548 GC heap before
{Heap before GC invocations=5 (full 0):
 garbage-first heap   total 55296K, used 38593K [0x00000000ca200000, 0x0000000100000000)
  region size 1024K, 28 young (28672K), 3 survivors (3072K)
 Metaspace       used 15897K, committed 16064K, reserved 1114112K
  class space    used 1854K, committed 1920K, reserved 1048576K
}
Event: 7.555 GC heap after
{Heap after GC invocations=6 (full 0):
 garbage-first heap   total 55296K, used 15090K [0x00000000ca200000, 0x0000000100000000)
  region size 1024K, 2 young (2048K), 2 survivors (2048K)
 Metaspace       used 15897K, committed 16064K, reserved 1114112K
  class space    used 1854K, committed 1920K, reserved 1048576K
}
Event: 8.176 GC heap before
{Heap before GC invocations=6 (full 0):
 garbage-first heap   total 55296K, used 39666K [0x00000000ca200000, 0x0000000100000000)
  region size 1024K, 27 young (27648K), 2 survivors (2048K)
 Metaspace       used 16199K, committed 16320K, reserved 1114112K
  class space    used 1858K, committed 1920K, reserved 1048576K
}
Event: 8.181 GC heap after
{Heap after GC invocations=7 (full 0):
 garbage-first heap   total 55296K, used 16528K [0x00000000ca200000, 0x0000000100000000)
  region size 1024K, 4 young (4096K), 4 survivors (4096K)
 Metaspace       used 16199K, committed 16320K, reserved 1114112K
  class space    used 1858K, committed 1920K, reserved 1048576K
}
Event: 8.957 GC heap before
{Heap before GC invocations=7 (full 0):
 garbage-first heap   total 55296K, used 41104K [0x00000000ca200000, 0x0000000100000000)
  region size 1024K, 28 young (28672K), 4 survivors (4096K)
 Metaspace       used 16532K, committed 16704K, reserved 1114112K
  class space    used 1871K, committed 1920K, reserved 1048576K
}
Event: 8.964 GC heap after
{Heap after GC invocations=8 (full 0):
 garbage-first heap   total 55296K, used 17510K [0x00000000ca200000, 0x0000000100000000)
  region size 1024K, 3 young (3072K), 3 survivors (3072K)
 Metaspace       used 16532K, committed 16704K, reserved 1114112K
  class space    used 1871K, committed 1920K, reserved 1048576K
}
Event: 9.773 GC heap before
{Heap before GC invocations=8 (full 0):
 garbage-first heap   total 55296K, used 41062K [0x00000000ca200000, 0x0000000100000000)
  region size 1024K, 27 young (27648K), 3 survivors (3072K)
 Metaspace       used 19748K, committed 19968K, reserved 1114112K
  class space    used 2251K, committed 2304K, reserved 1048576K
}
Event: 9.780 GC heap after
{Heap after GC invocations=9 (full 0):
 garbage-first heap   total 55296K, used 19856K [0x00000000ca200000, 0x0000000100000000)
  region size 1024K, 4 young (4096K), 4 survivors (4096K)
 Metaspace       used 19748K, committed 19968K, reserved 1114112K
  class space    used 2251K, committed 2304K, reserved 1048576K
}
Event: 10.092 GC heap before
{Heap before GC invocations=9 (full 0):
 garbage-first heap   total 55296K, used 36240K [0x00000000ca200000, 0x0000000100000000)
  region size 1024K, 22 young (22528K), 4 survivors (4096K)
 Metaspace       used 21299K, committed 21504K, reserved 1114112K
  class space    used 2402K, committed 2496K, reserved 1048576K
}
Event: 10.099 GC heap after
{Heap after GC invocations=10 (full 0):
 garbage-first heap   total 55296K, used 22620K [0x00000000ca200000, 0x0000000100000000)
  region size 1024K, 3 young (3072K), 3 survivors (3072K)
 Metaspace       used 21299K, committed 21504K, reserved 1114112K
  class space    used 2402K, committed 2496K, reserved 1048576K
}
Event: 10.927 GC heap before
{Heap before GC invocations=11 (full 0):
 garbage-first heap   total 55296K, used 41052K [0x00000000ca200000, 0x0000000100000000)
  region size 1024K, 21 young (21504K), 3 survivors (3072K)
 Metaspace       used 26078K, committed 26240K, reserved 1114112K
  class space    used 3124K, committed 3200K, reserved 1048576K
}
Event: 10.931 GC heap after
{Heap after GC invocations=12 (full 0):
 garbage-first heap   total 55296K, used 23516K [0x00000000ca200000, 0x0000000100000000)
  region size 1024K, 2 young (2048K), 2 survivors (2048K)
 Metaspace       used 26078K, committed 26240K, reserved 1114112K
  class space    used 3124K, committed 3200K, reserved 1048576K
}
Event: 11.259 GC heap before
{Heap before GC invocations=12 (full 0):
 garbage-first heap   total 55296K, used 41948K [0x00000000ca200000, 0x0000000100000000)
  region size 1024K, 20 young (20480K), 2 survivors (2048K)
 Metaspace       used 27818K, committed 28032K, reserved 1114112K
  class space    used 3379K, committed 3456K, reserved 1048576K
}
Event: 11.263 GC heap after
{Heap after GC invocations=13 (full 0):
 garbage-first heap   total 55296K, used 23974K [0x00000000ca200000, 0x0000000100000000)
  region size 1024K, 2 young (2048K), 2 survivors (2048K)
 Metaspace       used 27818K, committed 28032K, reserved 1114112K
  class space    used 3379K, committed 3456K, reserved 1048576K
}
Event: 11.459 GC heap before
{Heap before GC invocations=13 (full 0):
 garbage-first heap   total 55296K, used 43430K [0x00000000ca200000, 0x0000000100000000)
  region size 1024K, 21 young (21504K), 2 survivors (2048K)
 Metaspace       used 28239K, committed 28480K, reserved 1114112K
  class space    used 3427K, committed 3520K, reserved 1048576K
}

