# JRE version: Java(TM) SE Runtime Environment (17.0.12+8) (build 17.0.12+8-LTS-286)
# Java VM: Java HotSpot(TM) 64-Bit Server VM (17.0.12+8-LTS-286, mixed mode, emulated-client, sharing, tiered, compressed oops, compressed class ptrs, g1 gc, windows-amd64)
GC Precious Log:
 CPUs: 8 total, 8 available
 Memory: 3446M
 Large Page Support: Disabled
 NUMA Support: Disabled
 Compressed Oops: Enabled (32-bit)
 Heap Region Size: 1M
 Heap Min Capacity: 8M
 Heap Initial Capacity: 54M
 Heap Max Capacity: 862M
 Pre-touch: Disabled
 Parallel Workers: 8
 Concurrent Workers: 2
 Concurrent Refinement Workers: 8
 Periodic GC: Disabled
Heap:
 garbage-first heap   total 55296K, used 12407K [0x00000000ca200000, 0x0000000100000000)
  region size 1024K, 5 young (5120K), 4 survivors (4096K)
 Metaspace       used 17805K, committed 18048K, reserved 1114112K
  class space    used 2490K, committed 2560K, reserved 1048576K
GC Heap History (7 events):
Event: 1.938 GC heap before
{Heap before GC invocations=0 (full 0):
 garbage-first heap   total 55296K, used 23552K [0x00000000ca200000, 0x0000000100000000)
  region size 1024K, 23 young (23552K), 0 survivors (0K)
 Metaspace       used 5463K, committed 5632K, reserved 1114112K
  class space    used 751K, committed 832K, reserved 1048576K
}
Event: 1.949 GC heap after
{Heap after GC invocations=1 (full 0):
 garbage-first heap   total 55296K, used 7043K [0x00000000ca200000, 0x0000000100000000)
  region size 1024K, 3 young (3072K), 3 survivors (3072K)
 Metaspace       used 5463K, committed 5632K, reserved 1114112K
  class space    used 751K, committed 832K, reserved 1048576K
}
Event: 2.717 GC heap before
{Heap before GC invocations=1 (full 0):
 garbage-first heap   total 55296K, used 26499K [0x00000000ca200000, 0x0000000100000000)
  region size 1024K, 23 young (23552K), 3 survivors (3072K)
 Metaspace       used 9723K, committed 9984K, reserved 1114112K
  class space    used 1401K, committed 1536K, reserved 1048576K
}
Event: 2.722 GC heap after
{Heap after GC invocations=2 (full 0):
 garbage-first heap   total 55296K, used 8579K [0x00000000ca200000, 0x0000000100000000)
  region size 1024K, 2 young (2048K), 2 survivors (2048K)
 Metaspace       used 9723K, committed 9984K, reserved 1114112K
  class space    used 1401K, committed 1536K, reserved 1048576K
}
Event: 7.483 GC heap before
{Heap before GC invocations=2 (full 0):
 garbage-first heap   total 55296K, used 29059K [0x00000000ca200000, 0x0000000100000000)
  region size 1024K, 23 young (23552K), 2 survivors (2048K)
 Metaspace       used 13775K, committed 14080K, reserved 1114112K
  class space    used 1964K, committed 2112K, reserved 1048576K
}
Event: 7.488 GC heap after
{Heap after GC invocations=3 (full 0):
 garbage-first heap   total 55296K, used 9776K [0x00000000ca200000, 0x0000000100000000)
  region size 1024K, 3 young (3072K), 3 survivors (3072K)
 Metaspace       used 13775K, committed 14080K, reserved 1114112K
  class space    used 1964K, committed 2112K, reserved 1048576K
}
Event: 7.946 GC heap before
{Heap before GC invocations=3 (full 0):
 garbage-first heap   total 55296K, used 33328K [0x00000000ca200000, 0x0000000100000000)
  region size 1024K, 27 young (27648K), 3 survivors (3072K)
 Metaspace       used 17670K, committed 17920K, reserved 1114112K
  class space    used 2471K, committed 2560K, reserved 1048576K
}

